<?xml version="1.0" encoding="UTF-8"?>
<!-- Generated by org.testng.reporters.JUnitReportReporter -->
<testsuite hostname="Surekha" failures="0" tests="1" name="Demoapp.verify" time="34.623" errors="0" timestamp="2020-05-03T21:11:11 IST" skipped="0">
  <testcase classname="Demoapp.verify" name="openGoolge" time="34.623"/>
  <system-out/>
</testsuite> <!-- Demoapp.verify -->
